mode: set
git.garena.com/sea-labs-id/bootcamp/batch-02/ziad-rahmatullah/assignment-go-rest-api/util/util.go:12.42,15.2 2 1
git.garena.com/sea-labs-id/bootcamp/batch-02/ziad-rahmatullah/assignment-go-rest-api/util/util.go:17.39,19.2 1 1
git.garena.com/sea-labs-id/bootcamp/batch-02/ziad-rahmatullah/assignment-go-rest-api/util/util.go:21.36,24.16 3 1
git.garena.com/sea-labs-id/bootcamp/batch-02/ziad-rahmatullah/assignment-go-rest-api/util/util.go:27.2,27.45 1 1
git.garena.com/sea-labs-id/bootcamp/batch-02/ziad-rahmatullah/assignment-go-rest-api/util/util.go:24.16,25.13 1 0
git.garena.com/sea-labs-id/bootcamp/batch-02/ziad-rahmatullah/assignment-go-rest-api/util/util.go:30.54,34.65 3 1
git.garena.com/sea-labs-id/bootcamp/batch-02/ziad-rahmatullah/assignment-go-rest-api/util/util.go:37.2,37.13 1 1
git.garena.com/sea-labs-id/bootcamp/batch-02/ziad-rahmatullah/assignment-go-rest-api/util/util.go:34.65,36.3 1 1
git.garena.com/sea-labs-id/bootcamp/batch-02/ziad-rahmatullah/assignment-go-rest-api/util/util.go:40.57,44.65 3 1
git.garena.com/sea-labs-id/bootcamp/batch-02/ziad-rahmatullah/assignment-go-rest-api/util/util.go:47.2,47.13 1 1
git.garena.com/sea-labs-id/bootcamp/batch-02/ziad-rahmatullah/assignment-go-rest-api/util/util.go:44.65,46.3 1 0
git.garena.com/sea-labs-id/bootcamp/batch-02/ziad-rahmatullah/assignment-go-rest-api/handler/game_handler.go:16.58,20.2 1 1
git.garena.com/sea-labs-id/bootcamp/batch-02/ziad-rahmatullah/assignment-go-rest-api/handler/game_handler.go:22.60,25.16 3 1
git.garena.com/sea-labs-id/bootcamp/batch-02/ziad-rahmatullah/assignment-go-rest-api/handler/game_handler.go:29.2,30.31 2 1
git.garena.com/sea-labs-id/bootcamp/batch-02/ziad-rahmatullah/assignment-go-rest-api/handler/game_handler.go:25.16,28.3 2 1
git.garena.com/sea-labs-id/bootcamp/batch-02/ziad-rahmatullah/assignment-go-rest-api/handler/game_handler.go:33.68,37.16 4 1
git.garena.com/sea-labs-id/bootcamp/batch-02/ziad-rahmatullah/assignment-go-rest-api/handler/game_handler.go:41.2,42.31 2 1
git.garena.com/sea-labs-id/bootcamp/batch-02/ziad-rahmatullah/assignment-go-rest-api/handler/game_handler.go:37.16,40.3 2 1
git.garena.com/sea-labs-id/bootcamp/batch-02/ziad-rahmatullah/assignment-go-rest-api/handler/game_handler.go:45.58,49.16 4 1
git.garena.com/sea-labs-id/bootcamp/batch-02/ziad-rahmatullah/assignment-go-rest-api/handler/game_handler.go:53.2,55.16 3 1
git.garena.com/sea-labs-id/bootcamp/batch-02/ziad-rahmatullah/assignment-go-rest-api/handler/game_handler.go:59.2,60.31 2 1
git.garena.com/sea-labs-id/bootcamp/batch-02/ziad-rahmatullah/assignment-go-rest-api/handler/game_handler.go:49.16,52.3 2 1
git.garena.com/sea-labs-id/bootcamp/batch-02/ziad-rahmatullah/assignment-go-rest-api/handler/game_handler.go:55.16,58.3 2 1
git.garena.com/sea-labs-id/bootcamp/batch-02/ziad-rahmatullah/assignment-go-rest-api/handler/reset_password_handler.go:16.86,20.2 1 1
git.garena.com/sea-labs-id/bootcamp/batch-02/ziad-rahmatullah/assignment-go-rest-api/handler/reset_password_handler.go:22.73,26.16 4 1
git.garena.com/sea-labs-id/bootcamp/batch-02/ziad-rahmatullah/assignment-go-rest-api/handler/reset_password_handler.go:30.2,31.16 2 1
git.garena.com/sea-labs-id/bootcamp/batch-02/ziad-rahmatullah/assignment-go-rest-api/handler/reset_password_handler.go:35.2,36.31 2 1
git.garena.com/sea-labs-id/bootcamp/batch-02/ziad-rahmatullah/assignment-go-rest-api/handler/reset_password_handler.go:26.16,29.3 2 1
git.garena.com/sea-labs-id/bootcamp/batch-02/ziad-rahmatullah/assignment-go-rest-api/handler/reset_password_handler.go:31.16,34.3 2 1
git.garena.com/sea-labs-id/bootcamp/batch-02/ziad-rahmatullah/assignment-go-rest-api/handler/reset_password_handler.go:39.71,43.16 4 1
git.garena.com/sea-labs-id/bootcamp/batch-02/ziad-rahmatullah/assignment-go-rest-api/handler/reset_password_handler.go:47.2,48.16 2 1
git.garena.com/sea-labs-id/bootcamp/batch-02/ziad-rahmatullah/assignment-go-rest-api/handler/reset_password_handler.go:52.2,53.31 2 1
git.garena.com/sea-labs-id/bootcamp/batch-02/ziad-rahmatullah/assignment-go-rest-api/handler/reset_password_handler.go:43.16,46.3 2 1
git.garena.com/sea-labs-id/bootcamp/batch-02/ziad-rahmatullah/assignment-go-rest-api/handler/reset_password_handler.go:48.16,51.3 2 1
git.garena.com/sea-labs-id/bootcamp/batch-02/ziad-rahmatullah/assignment-go-rest-api/handler/transaction_handler.go:18.79,22.2 1 1
git.garena.com/sea-labs-id/bootcamp/batch-02/ziad-rahmatullah/assignment-go-rest-api/handler/transaction_handler.go:24.70,34.16 10 1
git.garena.com/sea-labs-id/bootcamp/batch-02/ziad-rahmatullah/assignment-go-rest-api/handler/transaction_handler.go:38.2,38.42 1 1
git.garena.com/sea-labs-id/bootcamp/batch-02/ziad-rahmatullah/assignment-go-rest-api/handler/transaction_handler.go:34.16,37.3 2 1
git.garena.com/sea-labs-id/bootcamp/batch-02/ziad-rahmatullah/assignment-go-rest-api/handler/transaction_handler.go:41.60,45.16 4 1
git.garena.com/sea-labs-id/bootcamp/batch-02/ziad-rahmatullah/assignment-go-rest-api/handler/transaction_handler.go:49.2,49.44 1 1
git.garena.com/sea-labs-id/bootcamp/batch-02/ziad-rahmatullah/assignment-go-rest-api/handler/transaction_handler.go:53.2,53.52 1 1
git.garena.com/sea-labs-id/bootcamp/batch-02/ziad-rahmatullah/assignment-go-rest-api/handler/transaction_handler.go:57.2,59.16 3 1
git.garena.com/sea-labs-id/bootcamp/batch-02/ziad-rahmatullah/assignment-go-rest-api/handler/transaction_handler.go:63.2,64.31 2 1
git.garena.com/sea-labs-id/bootcamp/batch-02/ziad-rahmatullah/assignment-go-rest-api/handler/transaction_handler.go:45.16,48.3 2 1
git.garena.com/sea-labs-id/bootcamp/batch-02/ziad-rahmatullah/assignment-go-rest-api/handler/transaction_handler.go:49.44,52.3 2 1
git.garena.com/sea-labs-id/bootcamp/batch-02/ziad-rahmatullah/assignment-go-rest-api/handler/transaction_handler.go:53.52,56.3 2 1
git.garena.com/sea-labs-id/bootcamp/batch-02/ziad-rahmatullah/assignment-go-rest-api/handler/transaction_handler.go:59.16,62.3 2 1
git.garena.com/sea-labs-id/bootcamp/batch-02/ziad-rahmatullah/assignment-go-rest-api/handler/transaction_handler.go:67.63,71.16 4 1
git.garena.com/sea-labs-id/bootcamp/batch-02/ziad-rahmatullah/assignment-go-rest-api/handler/transaction_handler.go:75.2,75.50 1 1
git.garena.com/sea-labs-id/bootcamp/batch-02/ziad-rahmatullah/assignment-go-rest-api/handler/transaction_handler.go:79.2,81.16 3 1
git.garena.com/sea-labs-id/bootcamp/batch-02/ziad-rahmatullah/assignment-go-rest-api/handler/transaction_handler.go:85.2,86.31 2 1
git.garena.com/sea-labs-id/bootcamp/batch-02/ziad-rahmatullah/assignment-go-rest-api/handler/transaction_handler.go:71.16,74.3 2 1
git.garena.com/sea-labs-id/bootcamp/batch-02/ziad-rahmatullah/assignment-go-rest-api/handler/transaction_handler.go:75.50,78.3 2 1
git.garena.com/sea-labs-id/bootcamp/batch-02/ziad-rahmatullah/assignment-go-rest-api/handler/transaction_handler.go:81.16,84.3 2 1
git.garena.com/sea-labs-id/bootcamp/batch-02/ziad-rahmatullah/assignment-go-rest-api/handler/transaction_handler.go:89.64,92.2 2 1
git.garena.com/sea-labs-id/bootcamp/batch-02/ziad-rahmatullah/assignment-go-rest-api/handler/user_handler.go:16.58,20.2 1 1
git.garena.com/sea-labs-id/bootcamp/batch-02/ziad-rahmatullah/assignment-go-rest-api/handler/user_handler.go:22.56,25.16 3 1
git.garena.com/sea-labs-id/bootcamp/batch-02/ziad-rahmatullah/assignment-go-rest-api/handler/user_handler.go:29.2,30.31 2 1
git.garena.com/sea-labs-id/bootcamp/batch-02/ziad-rahmatullah/assignment-go-rest-api/handler/user_handler.go:25.16,28.3 2 1
git.garena.com/sea-labs-id/bootcamp/batch-02/ziad-rahmatullah/assignment-go-rest-api/handler/user_handler.go:33.62,37.16 4 1
git.garena.com/sea-labs-id/bootcamp/batch-02/ziad-rahmatullah/assignment-go-rest-api/handler/user_handler.go:41.2,42.31 2 1
git.garena.com/sea-labs-id/bootcamp/batch-02/ziad-rahmatullah/assignment-go-rest-api/handler/user_handler.go:37.16,40.3 2 1
git.garena.com/sea-labs-id/bootcamp/batch-02/ziad-rahmatullah/assignment-go-rest-api/handler/user_handler.go:45.60,49.16 4 1
git.garena.com/sea-labs-id/bootcamp/batch-02/ziad-rahmatullah/assignment-go-rest-api/handler/user_handler.go:53.2,54.16 2 1
git.garena.com/sea-labs-id/bootcamp/batch-02/ziad-rahmatullah/assignment-go-rest-api/handler/user_handler.go:58.2,59.31 2 1
git.garena.com/sea-labs-id/bootcamp/batch-02/ziad-rahmatullah/assignment-go-rest-api/handler/user_handler.go:49.16,52.3 2 1
git.garena.com/sea-labs-id/bootcamp/batch-02/ziad-rahmatullah/assignment-go-rest-api/handler/user_handler.go:54.16,57.3 2 1
git.garena.com/sea-labs-id/bootcamp/batch-02/ziad-rahmatullah/assignment-go-rest-api/handler/user_handler.go:63.57,66.16 3 1
git.garena.com/sea-labs-id/bootcamp/batch-02/ziad-rahmatullah/assignment-go-rest-api/handler/user_handler.go:70.2,71.16 2 1
git.garena.com/sea-labs-id/bootcamp/batch-02/ziad-rahmatullah/assignment-go-rest-api/handler/user_handler.go:75.2,75.31 1 1
git.garena.com/sea-labs-id/bootcamp/batch-02/ziad-rahmatullah/assignment-go-rest-api/handler/user_handler.go:66.16,69.3 2 1
git.garena.com/sea-labs-id/bootcamp/batch-02/ziad-rahmatullah/assignment-go-rest-api/handler/user_handler.go:71.16,74.3 2 1
git.garena.com/sea-labs-id/bootcamp/batch-02/ziad-rahmatullah/assignment-go-rest-api/usecase/game_usecase.go:23.128,29.2 1 1
git.garena.com/sea-labs-id/bootcamp/batch-02/ziad-rahmatullah/assignment-go-rest-api/usecase/game_usecase.go:31.85,33.2 1 1
git.garena.com/sea-labs-id/bootcamp/batch-02/ziad-rahmatullah/assignment-go-rest-api/usecase/game_usecase.go:35.103,37.16 2 1
git.garena.com/sea-labs-id/bootcamp/batch-02/ziad-rahmatullah/assignment-go-rest-api/usecase/game_usecase.go:40.2,40.40 1 1
git.garena.com/sea-labs-id/bootcamp/batch-02/ziad-rahmatullah/assignment-go-rest-api/usecase/game_usecase.go:37.16,39.3 1 1
git.garena.com/sea-labs-id/bootcamp/batch-02/ziad-rahmatullah/assignment-go-rest-api/usecase/game_usecase.go:43.115,45.16 2 1
git.garena.com/sea-labs-id/bootcamp/batch-02/ziad-rahmatullah/assignment-go-rest-api/usecase/game_usecase.go:48.2,49.16 2 1
git.garena.com/sea-labs-id/bootcamp/batch-02/ziad-rahmatullah/assignment-go-rest-api/usecase/game_usecase.go:52.2,53.34 2 1
git.garena.com/sea-labs-id/bootcamp/batch-02/ziad-rahmatullah/assignment-go-rest-api/usecase/game_usecase.go:56.2,56.44 1 1
git.garena.com/sea-labs-id/bootcamp/batch-02/ziad-rahmatullah/assignment-go-rest-api/usecase/game_usecase.go:45.16,47.3 1 1
git.garena.com/sea-labs-id/bootcamp/batch-02/ziad-rahmatullah/assignment-go-rest-api/usecase/game_usecase.go:49.16,51.3 1 1
git.garena.com/sea-labs-id/bootcamp/batch-02/ziad-rahmatullah/assignment-go-rest-api/usecase/game_usecase.go:53.34,55.3 1 1
git.garena.com/sea-labs-id/bootcamp/batch-02/ziad-rahmatullah/assignment-go-rest-api/usecase/reset_password_usecase.go:23.122,28.2 1 1
git.garena.com/sea-labs-id/bootcamp/batch-02/ziad-rahmatullah/assignment-go-rest-api/usecase/reset_password_usecase.go:30.142,32.16 2 1
git.garena.com/sea-labs-id/bootcamp/batch-02/ziad-rahmatullah/assignment-go-rest-api/usecase/reset_password_usecase.go:35.2,38.16 4 1
git.garena.com/sea-labs-id/bootcamp/batch-02/ziad-rahmatullah/assignment-go-rest-api/usecase/reset_password_usecase.go:41.2,44.17 2 1
git.garena.com/sea-labs-id/bootcamp/batch-02/ziad-rahmatullah/assignment-go-rest-api/usecase/reset_password_usecase.go:32.16,34.3 1 1
git.garena.com/sea-labs-id/bootcamp/batch-02/ziad-rahmatullah/assignment-go-rest-api/usecase/reset_password_usecase.go:38.16,40.3 1 1
git.garena.com/sea-labs-id/bootcamp/batch-02/ziad-rahmatullah/assignment-go-rest-api/usecase/reset_password_usecase.go:47.102,51.2 3 1
git.garena.com/sea-labs-id/bootcamp/batch-02/ziad-rahmatullah/assignment-go-rest-api/usecase/transaction_usecase.go:23.116,28.2 1 1
git.garena.com/sea-labs-id/bootcamp/batch-02/ziad-rahmatullah/assignment-go-rest-api/usecase/transaction_usecase.go:30.153,32.2 1 1
git.garena.com/sea-labs-id/bootcamp/batch-02/ziad-rahmatullah/assignment-go-rest-api/usecase/transaction_usecase.go:34.133,36.16 2 1
git.garena.com/sea-labs-id/bootcamp/batch-02/ziad-rahmatullah/assignment-go-rest-api/usecase/transaction_usecase.go:39.2,40.52 2 1
git.garena.com/sea-labs-id/bootcamp/batch-02/ziad-rahmatullah/assignment-go-rest-api/usecase/transaction_usecase.go:36.16,38.3 1 1
git.garena.com/sea-labs-id/bootcamp/batch-02/ziad-rahmatullah/assignment-go-rest-api/usecase/transaction_usecase.go:43.139,45.16 2 1
git.garena.com/sea-labs-id/bootcamp/batch-02/ziad-rahmatullah/assignment-go-rest-api/usecase/transaction_usecase.go:48.2,49.16 2 1
git.garena.com/sea-labs-id/bootcamp/batch-02/ziad-rahmatullah/assignment-go-rest-api/usecase/transaction_usecase.go:52.2,52.62 1 1
git.garena.com/sea-labs-id/bootcamp/batch-02/ziad-rahmatullah/assignment-go-rest-api/usecase/transaction_usecase.go:55.2,55.47 1 1
git.garena.com/sea-labs-id/bootcamp/batch-02/ziad-rahmatullah/assignment-go-rest-api/usecase/transaction_usecase.go:58.2,59.55 2 1
git.garena.com/sea-labs-id/bootcamp/batch-02/ziad-rahmatullah/assignment-go-rest-api/usecase/transaction_usecase.go:45.16,47.3 1 1
git.garena.com/sea-labs-id/bootcamp/batch-02/ziad-rahmatullah/assignment-go-rest-api/usecase/transaction_usecase.go:49.16,51.3 1 1
git.garena.com/sea-labs-id/bootcamp/batch-02/ziad-rahmatullah/assignment-go-rest-api/usecase/transaction_usecase.go:52.62,54.3 1 1
git.garena.com/sea-labs-id/bootcamp/batch-02/ziad-rahmatullah/assignment-go-rest-api/usecase/transaction_usecase.go:55.47,57.3 1 1
git.garena.com/sea-labs-id/bootcamp/batch-02/ziad-rahmatullah/assignment-go-rest-api/usecase/user_usecase.go:26.127,32.2 1 1
git.garena.com/sea-labs-id/bootcamp/batch-02/ziad-rahmatullah/assignment-go-rest-api/usecase/user_usecase.go:34.94,36.2 1 1
git.garena.com/sea-labs-id/bootcamp/batch-02/ziad-rahmatullah/assignment-go-rest-api/usecase/user_usecase.go:38.78,40.2 1 1
git.garena.com/sea-labs-id/bootcamp/batch-02/ziad-rahmatullah/assignment-go-rest-api/usecase/user_usecase.go:42.120,44.17 2 1
git.garena.com/sea-labs-id/bootcamp/batch-02/ziad-rahmatullah/assignment-go-rest-api/usecase/user_usecase.go:47.2,50.16 4 1
git.garena.com/sea-labs-id/bootcamp/batch-02/ziad-rahmatullah/assignment-go-rest-api/usecase/user_usecase.go:53.2,54.16 2 1
git.garena.com/sea-labs-id/bootcamp/batch-02/ziad-rahmatullah/assignment-go-rest-api/usecase/user_usecase.go:57.2,58.16 2 1
git.garena.com/sea-labs-id/bootcamp/batch-02/ziad-rahmatullah/assignment-go-rest-api/usecase/user_usecase.go:61.2,62.18 2 1
git.garena.com/sea-labs-id/bootcamp/batch-02/ziad-rahmatullah/assignment-go-rest-api/usecase/user_usecase.go:44.17,46.3 1 1
git.garena.com/sea-labs-id/bootcamp/batch-02/ziad-rahmatullah/assignment-go-rest-api/usecase/user_usecase.go:50.16,52.3 1 1
git.garena.com/sea-labs-id/bootcamp/batch-02/ziad-rahmatullah/assignment-go-rest-api/usecase/user_usecase.go:54.16,56.3 1 1
git.garena.com/sea-labs-id/bootcamp/batch-02/ziad-rahmatullah/assignment-go-rest-api/usecase/user_usecase.go:58.16,60.3 1 1
git.garena.com/sea-labs-id/bootcamp/batch-02/ziad-rahmatullah/assignment-go-rest-api/usecase/user_usecase.go:65.111,67.16 2 1
git.garena.com/sea-labs-id/bootcamp/batch-02/ziad-rahmatullah/assignment-go-rest-api/usecase/user_usecase.go:70.2,71.16 2 1
git.garena.com/sea-labs-id/bootcamp/batch-02/ziad-rahmatullah/assignment-go-rest-api/usecase/user_usecase.go:74.2,77.50 2 1
git.garena.com/sea-labs-id/bootcamp/batch-02/ziad-rahmatullah/assignment-go-rest-api/usecase/user_usecase.go:67.16,69.3 1 1
git.garena.com/sea-labs-id/bootcamp/batch-02/ziad-rahmatullah/assignment-go-rest-api/usecase/user_usecase.go:71.16,73.3 1 1
